Traceback (most recent call last):
  File "/home/conda/global/16102bfe-1721228674-152-pangeo/lib/python3.11/site-packages/jupyter_cache/executors/utils.py", line 58, in single_nb_execution
    executenb(
  File "/home/conda/global/16102bfe-1721228674-152-pangeo/lib/python3.11/site-packages/nbclient/client.py", line 1314, in execute
    return NotebookClient(nb=nb, resources=resources, km=km, **kwargs).execute()
           ^^^^^^^^^^^^^^^^^^^^^^^^^^^^^^^^^^^^^^^^^^^^^^^^^^^^^^^^^^^^^^^^^^^^^
  File "/home/conda/global/16102bfe-1721228674-152-pangeo/lib/python3.11/site-packages/jupyter_core/utils/__init__.py", line 165, in wrapped
    return loop.run_until_complete(inner)
           ^^^^^^^^^^^^^^^^^^^^^^^^^^^^^^
  File "/home/conda/global/16102bfe-1721228674-152-pangeo/lib/python3.11/asyncio/base_events.py", line 654, in run_until_complete
    return future.result()
           ^^^^^^^^^^^^^^^
  File "/home/conda/global/16102bfe-1721228674-152-pangeo/lib/python3.11/site-packages/nbclient/client.py", line 709, in async_execute
    await self.async_execute_cell(
  File "/home/conda/global/16102bfe-1721228674-152-pangeo/lib/python3.11/site-packages/nbclient/client.py", line 1062, in async_execute_cell
    await self._check_raise_for_error(cell, cell_index, exec_reply)
  File "/home/conda/global/16102bfe-1721228674-152-pangeo/lib/python3.11/site-packages/nbclient/client.py", line 918, in _check_raise_for_error
    raise CellExecutionError.from_cell_and_msg(cell, exec_reply_content)
nbclient.exceptions.CellExecutionError: An error occurred while executing the following cell:
------------------
# open the conus404 sub-catalog
cat = hytest_cat['conus404-catalog']
list(cat)
------------------


[0;31m---------------------------------------------------------------------------[0m
[0;31mDuplicateKeyError[0m                         Traceback (most recent call last)
Cell [0;32mIn[3], line 2[0m
[1;32m      1[0m [38;5;66;03m# open the conus404 sub-catalog[39;00m
[0;32m----> 2[0m cat [38;5;241m=[39m [43mhytest_cat[49m[43m[[49m[38;5;124;43m'[39;49m[38;5;124;43mconus404-catalog[39;49m[38;5;124;43m'[39;49m[43m][49m
[1;32m      3[0m [38;5;28mlist[39m(cat)

File [0;32m/home/conda/global/16102bfe-1721228674-152-pangeo/lib/python3.11/site-packages/intake/catalog/base.py:472[0m, in [0;36mCatalog.__getitem__[0;34m(self, key)[0m
[1;32m    463[0m [38;5;250m[39m[38;5;124;03m"""Return a catalog entry by name.[39;00m
[1;32m    464[0m 
[1;32m    465[0m [38;5;124;03mCan also use attribute syntax, like ``cat.entry_name``, or[39;00m
[0;32m   (...)[0m
[1;32m    468[0m [38;5;124;03mcat['name1', 'name2'][39;00m
[1;32m    469[0m [38;5;124;03m"""[39;00m
[1;32m    470[0m [38;5;28;01mif[39;00m [38;5;129;01mnot[39;00m [38;5;28misinstance[39m(key, [38;5;28mlist[39m) [38;5;129;01mand[39;00m key [38;5;129;01min[39;00m [38;5;28mself[39m:
[1;32m    471[0m     [38;5;66;03m# triggers reload_on_change[39;00m
[0;32m--> 472[0m     s [38;5;241m=[39m [38;5;28;43mself[39;49m[38;5;241;43m.[39;49m[43m_get_entry[49m[43m([49m[43mkey[49m[43m)[49m
[1;32m    473[0m     [38;5;28;01mif[39;00m s[38;5;241m.[39mcontainer [38;5;241m==[39m [38;5;124m"[39m[38;5;124mcatalog[39m[38;5;124m"[39m:
[1;32m    474[0m         s[38;5;241m.[39mname [38;5;241m=[39m key

File [0;32m/home/conda/global/16102bfe-1721228674-152-pangeo/lib/python3.11/site-packages/intake/catalog/utils.py:43[0m, in [0;36mreload_on_change.<locals>.wrapper[0;34m(self, *args, **kwargs)[0m
[1;32m     40[0m [38;5;129m@functools[39m[38;5;241m.[39mwraps(f)
[1;32m     41[0m [38;5;28;01mdef[39;00m [38;5;21mwrapper[39m([38;5;28mself[39m, [38;5;241m*[39margs, [38;5;241m*[39m[38;5;241m*[39mkwargs):
[1;32m     42[0m     [38;5;28mself[39m[38;5;241m.[39mreload()
[0;32m---> 43[0m     [38;5;28;01mreturn[39;00m [43mf[49m[43m([49m[38;5;28;43mself[39;49m[43m,[49m[43m [49m[38;5;241;43m*[39;49m[43margs[49m[43m,[49m[43m [49m[38;5;241;43m*[39;49m[38;5;241;43m*[39;49m[43mkwargs[49m[43m)[49m

File [0;32m/home/conda/global/16102bfe-1721228674-152-pangeo/lib/python3.11/site-packages/intake/catalog/base.py:355[0m, in [0;36mCatalog._get_entry[0;34m(self, name)[0m
[1;32m    353[0m ups [38;5;241m=[39m [up [38;5;28;01mfor[39;00m name, up [38;5;129;01min[39;00m [38;5;28mself[39m[38;5;241m.[39muser_parameters[38;5;241m.[39mitems() [38;5;28;01mif[39;00m name [38;5;129;01mnot[39;00m [38;5;129;01min[39;00m up_names]
[1;32m    354[0m entry[38;5;241m.[39m_user_parameters [38;5;241m=[39m ups [38;5;241m+[39m (entry[38;5;241m.[39m_user_parameters [38;5;129;01mor[39;00m [])
[0;32m--> 355[0m [38;5;28;01mreturn[39;00m [43mentry[49m[43m([49m[43m)[49m

File [0;32m/home/conda/global/16102bfe-1721228674-152-pangeo/lib/python3.11/site-packages/intake/catalog/entry.py:60[0m, in [0;36mCatalogEntry.__call__[0;34m(self, persist, **kwargs)[0m
[1;32m     58[0m [38;5;28;01mdef[39;00m [38;5;21m__call__[39m([38;5;28mself[39m, persist[38;5;241m=[39m[38;5;28;01mNone[39;00m, [38;5;241m*[39m[38;5;241m*[39mkwargs):
[1;32m     59[0m [38;5;250m    [39m[38;5;124;03m"""Instantiate DataSource with given user arguments"""[39;00m
[0;32m---> 60[0m     s [38;5;241m=[39m [38;5;28;43mself[39;49m[38;5;241;43m.[39;49m[43mget[49m[43m([49m[38;5;241;43m*[39;49m[38;5;241;43m*[39;49m[43mkwargs[49m[43m)[49m
[1;32m     61[0m     s[38;5;241m.[39m_entry [38;5;241m=[39m [38;5;28mself[39m
[1;32m     62[0m     s[38;5;241m.[39m_passed_kwargs [38;5;241m=[39m [38;5;28mlist[39m(kwargs)

File [0;32m/home/conda/global/16102bfe-1721228674-152-pangeo/lib/python3.11/site-packages/intake/catalog/local.py:313[0m, in [0;36mLocalCatalogEntry.get[0;34m(self, **user_parameters)[0m
[1;32m    310[0m     [38;5;28;01mreturn[39;00m [38;5;28mself[39m[38;5;241m.[39m_default_source
[1;32m    312[0m plugin, open_args [38;5;241m=[39m [38;5;28mself[39m[38;5;241m.[39m_create_open_args(user_parameters)
[0;32m--> 313[0m data_source [38;5;241m=[39m [43mplugin[49m[43m([49m[38;5;241;43m*[39;49m[38;5;241;43m*[39;49m[43mopen_args[49m[43m)[49m
[1;32m    314[0m data_source[38;5;241m.[39mcatalog_object [38;5;241m=[39m [38;5;28mself[39m[38;5;241m.[39m_catalog
[1;32m    315[0m data_source[38;5;241m.[39mname [38;5;241m=[39m [38;5;28mself[39m[38;5;241m.[39mname

File [0;32m/home/conda/global/16102bfe-1721228674-152-pangeo/lib/python3.11/site-packages/intake/catalog/local.py:617[0m, in [0;36mYAMLFileCatalog.__init__[0;34m(self, path, text, autoreload, **kwargs)[0m
[1;32m    615[0m [38;5;28mself[39m[38;5;241m.[39mfilesystem [38;5;241m=[39m kwargs[38;5;241m.[39mpop([38;5;124m"[39m[38;5;124mfs[39m[38;5;124m"[39m, [38;5;28;01mNone[39;00m)
[1;32m    616[0m [38;5;28mself[39m[38;5;241m.[39maccess [38;5;241m=[39m [38;5;124m"[39m[38;5;124mname[39m[38;5;124m"[39m [38;5;129;01mnot[39;00m [38;5;129;01min[39;00m kwargs
[0;32m--> 617[0m [38;5;28;43msuper[39;49m[43m([49m[43mYAMLFileCatalog[49m[43m,[49m[43m [49m[38;5;28;43mself[39;49m[43m)[49m[38;5;241;43m.[39;49m[38;5;21;43m__init__[39;49m[43m([49m[38;5;241;43m*[39;49m[38;5;241;43m*[39;49m[43mkwargs[49m[43m)[49m

File [0;32m/home/conda/global/16102bfe-1721228674-152-pangeo/lib/python3.11/site-packages/intake/catalog/base.py:128[0m, in [0;36mCatalog.__init__[0;34m(self, entries, name, description, metadata, ttl, getenv, getshell, persist_mode, storage_options, user_parameters)[0m
[1;32m    126[0m [38;5;28mself[39m[38;5;241m.[39mupdated [38;5;241m=[39m time[38;5;241m.[39mtime()
[1;32m    127[0m [38;5;28mself[39m[38;5;241m.[39m_entries [38;5;241m=[39m entries [38;5;28;01mif[39;00m entries [38;5;129;01mis[39;00m [38;5;129;01mnot[39;00m [38;5;28;01mNone[39;00m [38;5;28;01melse[39;00m [38;5;28mself[39m[38;5;241m.[39m_make_entries_container()
[0;32m--> 128[0m [38;5;28;43mself[39;49m[38;5;241;43m.[39;49m[43mforce_reload[49m[43m([49m[43m)[49m

File [0;32m/home/conda/global/16102bfe-1721228674-152-pangeo/lib/python3.11/site-packages/intake/catalog/base.py:186[0m, in [0;36mCatalog.force_reload[0;34m(self)[0m
[1;32m    184[0m [38;5;250m[39m[38;5;124;03m"""Imperative reload data now"""[39;00m
[1;32m    185[0m [38;5;28mself[39m[38;5;241m.[39mupdated [38;5;241m=[39m time[38;5;241m.[39mtime()
[0;32m--> 186[0m [38;5;28;43mself[39;49m[38;5;241;43m.[39;49m[43m_load[49m[43m([49m[43m)[49m

File [0;32m/home/conda/global/16102bfe-1721228674-152-pangeo/lib/python3.11/site-packages/intake/catalog/local.py:652[0m, in [0;36mYAMLFileCatalog._load[0;34m(self, reload)[0m
[1;32m    650[0m     logger[38;5;241m.[39mwarning([38;5;124m"[39m[38;5;124mUse of [39m[38;5;124m'[39m[38;5;124m!template[39m[38;5;124m'[39m[38;5;124m deprecated - fixing[39m[38;5;124m"[39m)
[1;32m    651[0m     text [38;5;241m=[39m text[38;5;241m.[39mreplace([38;5;124m"[39m[38;5;124m!template [39m[38;5;124m"[39m, [38;5;124m"[39m[38;5;124m"[39m)
[0;32m--> 652[0m [38;5;28;43mself[39;49m[38;5;241;43m.[39;49m[43mparse[49m[43m([49m[43mtext[49m[43m)[49m

File [0;32m/home/conda/global/16102bfe-1721228674-152-pangeo/lib/python3.11/site-packages/intake/catalog/local.py:723[0m, in [0;36mYAMLFileCatalog.parse[0;34m(self, text)[0m
[1;32m    711[0m [38;5;250m[39m[38;5;124;03m"""Create entries from catalog text[39;00m
[1;32m    712[0m 
[1;32m    713[0m [38;5;124;03mNormally the text comes from the file at self.path via the ``_load()``[39;00m
[0;32m   (...)[0m
[1;32m    720[0m [38;5;124;03m    YAML formatted catalog spec[39;00m
[1;32m    721[0m [38;5;124;03m"""[39;00m
[1;32m    722[0m [38;5;28mself[39m[38;5;241m.[39mtext [38;5;241m=[39m text
[0;32m--> 723[0m data [38;5;241m=[39m [43myaml_load[49m[43m([49m[38;5;28;43mself[39;49m[38;5;241;43m.[39;49m[43mtext[49m[43m)[49m
[1;32m    725[0m [38;5;28;01mif[39;00m data [38;5;129;01mis[39;00m [38;5;28;01mNone[39;00m:
[1;32m    726[0m     [38;5;28;01mraise[39;00m exceptions[38;5;241m.[39mCatalogException([38;5;124m"[39m[38;5;124mNo YAML data in file[39m[38;5;124m"[39m)

File [0;32m/home/conda/global/16102bfe-1721228674-152-pangeo/lib/python3.11/site-packages/intake/utils.py:96[0m, in [0;36myaml_load[0;34m(stream)[0m
[1;32m     94[0m [38;5;250m[39m[38;5;124;03m"""Parse YAML in a context where duplicate keys raise exception"""[39;00m
[1;32m     95[0m [38;5;28;01mwith[39;00m no_duplicate_yaml():
[0;32m---> 96[0m     [38;5;28;01mreturn[39;00m [43myaml[49m[38;5;241;43m.[39;49m[43msafe_load[49m[43m([49m[43mstream[49m[43m)[49m

File [0;32m/home/conda/global/16102bfe-1721228674-152-pangeo/lib/python3.11/site-packages/yaml/__init__.py:125[0m, in [0;36msafe_load[0;34m(stream)[0m
[1;32m    117[0m [38;5;28;01mdef[39;00m [38;5;21msafe_load[39m(stream):
[1;32m    118[0m [38;5;250m    [39m[38;5;124;03m"""[39;00m
[1;32m    119[0m [38;5;124;03m    Parse the first YAML document in a stream[39;00m
[1;32m    120[0m [38;5;124;03m    and produce the corresponding Python object.[39;00m
[0;32m   (...)[0m
[1;32m    123[0m [38;5;124;03m    to be safe for untrusted input.[39;00m
[1;32m    124[0m [38;5;124;03m    """[39;00m
[0;32m--> 125[0m     [38;5;28;01mreturn[39;00m [43mload[49m[43m([49m[43mstream[49m[43m,[49m[43m [49m[43mSafeLoader[49m[43m)[49m

File [0;32m/home/conda/global/16102bfe-1721228674-152-pangeo/lib/python3.11/site-packages/yaml/__init__.py:81[0m, in [0;36mload[0;34m(stream, Loader)[0m
[1;32m     79[0m loader [38;5;241m=[39m Loader(stream)
[1;32m     80[0m [38;5;28;01mtry[39;00m:
[0;32m---> 81[0m     [38;5;28;01mreturn[39;00m [43mloader[49m[38;5;241;43m.[39;49m[43mget_single_data[49m[43m([49m[43m)[49m
[1;32m     82[0m [38;5;28;01mfinally[39;00m:
[1;32m     83[0m     loader[38;5;241m.[39mdispose()

File [0;32m/home/conda/global/16102bfe-1721228674-152-pangeo/lib/python3.11/site-packages/yaml/constructor.py:51[0m, in [0;36mBaseConstructor.get_single_data[0;34m(self)[0m
[1;32m     49[0m node [38;5;241m=[39m [38;5;28mself[39m[38;5;241m.[39mget_single_node()
[1;32m     50[0m [38;5;28;01mif[39;00m node [38;5;129;01mis[39;00m [38;5;129;01mnot[39;00m [38;5;28;01mNone[39;00m:
[0;32m---> 51[0m     [38;5;28;01mreturn[39;00m [38;5;28;43mself[39;49m[38;5;241;43m.[39;49m[43mconstruct_document[49m[43m([49m[43mnode[49m[43m)[49m
[1;32m     52[0m [38;5;28;01mreturn[39;00m [38;5;28;01mNone[39;00m

File [0;32m/home/conda/global/16102bfe-1721228674-152-pangeo/lib/python3.11/site-packages/yaml/constructor.py:55[0m, in [0;36mBaseConstructor.construct_document[0;34m(self, node)[0m
[1;32m     54[0m [38;5;28;01mdef[39;00m [38;5;21mconstruct_document[39m([38;5;28mself[39m, node):
[0;32m---> 55[0m     data [38;5;241m=[39m [38;5;28;43mself[39;49m[38;5;241;43m.[39;49m[43mconstruct_object[49m[43m([49m[43mnode[49m[43m)[49m
[1;32m     56[0m     [38;5;28;01mwhile[39;00m [38;5;28mself[39m[38;5;241m.[39mstate_generators:
[1;32m     57[0m         state_generators [38;5;241m=[39m [38;5;28mself[39m[38;5;241m.[39mstate_generators

File [0;32m/home/conda/global/16102bfe-1721228674-152-pangeo/lib/python3.11/site-packages/yaml/constructor.py:100[0m, in [0;36mBaseConstructor.construct_object[0;34m(self, node, deep)[0m
[1;32m     98[0m             constructor [38;5;241m=[39m [38;5;28mself[39m[38;5;241m.[39m[38;5;18m__class__[39m[38;5;241m.[39mconstruct_mapping
[1;32m     99[0m [38;5;28;01mif[39;00m tag_suffix [38;5;129;01mis[39;00m [38;5;28;01mNone[39;00m:
[0;32m--> 100[0m     data [38;5;241m=[39m [43mconstructor[49m[43m([49m[38;5;28;43mself[39;49m[43m,[49m[43m [49m[43mnode[49m[43m)[49m
[1;32m    101[0m [38;5;28;01melse[39;00m:
[1;32m    102[0m     data [38;5;241m=[39m constructor([38;5;28mself[39m, tag_suffix, node)

File [0;32m/home/conda/global/16102bfe-1721228674-152-pangeo/lib/python3.11/site-packages/intake/utils.py:52[0m, in [0;36mno_duplicates_constructor[0;34m(loader, node, deep)[0m
[1;32m     50[0m [38;5;28;01mfor[39;00m key_node, value_node [38;5;129;01min[39;00m node[38;5;241m.[39mvalue:
[1;32m     51[0m     key [38;5;241m=[39m loader[38;5;241m.[39mconstruct_object(key_node, deep[38;5;241m=[39mdeep)
[0;32m---> 52[0m     value [38;5;241m=[39m [43mloader[49m[38;5;241;43m.[39;49m[43mconstruct_object[49m[43m([49m[43mvalue_node[49m[43m,[49m[43m [49m[43mdeep[49m[38;5;241;43m=[39;49m[43mdeep[49m[43m)[49m
[1;32m     53[0m     [38;5;28;01mif[39;00m key [38;5;129;01min[39;00m mapping:
[1;32m     54[0m         [38;5;28;01mfrom[39;00m [38;5;21;01mintake[39;00m[38;5;21;01m.[39;00m[38;5;21;01mcatalog[39;00m[38;5;21;01m.[39;00m[38;5;21;01mexceptions[39;00m [38;5;28;01mimport[39;00m DuplicateKeyError

File [0;32m/home/conda/global/16102bfe-1721228674-152-pangeo/lib/python3.11/site-packages/yaml/constructor.py:100[0m, in [0;36mBaseConstructor.construct_object[0;34m(self, node, deep)[0m
[1;32m     98[0m             constructor [38;5;241m=[39m [38;5;28mself[39m[38;5;241m.[39m[38;5;18m__class__[39m[38;5;241m.[39mconstruct_mapping
[1;32m     99[0m [38;5;28;01mif[39;00m tag_suffix [38;5;129;01mis[39;00m [38;5;28;01mNone[39;00m:
[0;32m--> 100[0m     data [38;5;241m=[39m [43mconstructor[49m[43m([49m[38;5;28;43mself[39;49m[43m,[49m[43m [49m[43mnode[49m[43m)[49m
[1;32m    101[0m [38;5;28;01melse[39;00m:
[1;32m    102[0m     data [38;5;241m=[39m constructor([38;5;28mself[39m, tag_suffix, node)

File [0;32m/home/conda/global/16102bfe-1721228674-152-pangeo/lib/python3.11/site-packages/intake/utils.py:56[0m, in [0;36mno_duplicates_constructor[0;34m(loader, node, deep)[0m
[1;32m     53[0m     [38;5;28;01mif[39;00m key [38;5;129;01min[39;00m mapping:
[1;32m     54[0m         [38;5;28;01mfrom[39;00m [38;5;21;01mintake[39;00m[38;5;21;01m.[39;00m[38;5;21;01mcatalog[39;00m[38;5;21;01m.[39;00m[38;5;21;01mexceptions[39;00m [38;5;28;01mimport[39;00m DuplicateKeyError
[0;32m---> 56[0m         [38;5;28;01mraise[39;00m DuplicateKeyError(
[1;32m     57[0m             [38;5;124m"[39m[38;5;124mwhile constructing a mapping[39m[38;5;124m"[39m,
[1;32m     58[0m             node[38;5;241m.[39mstart_mark,
[1;32m     59[0m             [38;5;124m"[39m[38;5;124mfound duplicate key ([39m[38;5;132;01m%s[39;00m[38;5;124m)[39m[38;5;124m"[39m [38;5;241m%[39m key,
[1;32m     60[0m             key_node[38;5;241m.[39mstart_mark,
[1;32m     61[0m         )
[1;32m     62[0m     mapping[key] [38;5;241m=[39m value
[1;32m     64[0m [38;5;28;01mreturn[39;00m loader[38;5;241m.[39mconstruct_mapping(node, deep)

[0;31mDuplicateKeyError[0m: duplicate key found on line 173, column 3

