Traceback (most recent call last):
  File "/home/conda/global/16102bfe-1731002172-4-pangeo/lib/python3.11/site-packages/jupyter_cache/executors/utils.py", line 58, in single_nb_execution
    executenb(
  File "/home/conda/global/16102bfe-1731002172-4-pangeo/lib/python3.11/site-packages/nbclient/client.py", line 1314, in execute
    return NotebookClient(nb=nb, resources=resources, km=km, **kwargs).execute()
           ^^^^^^^^^^^^^^^^^^^^^^^^^^^^^^^^^^^^^^^^^^^^^^^^^^^^^^^^^^^^^^^^^^^^^
  File "/home/conda/global/16102bfe-1731002172-4-pangeo/lib/python3.11/site-packages/jupyter_core/utils/__init__.py", line 165, in wrapped
    return loop.run_until_complete(inner)
           ^^^^^^^^^^^^^^^^^^^^^^^^^^^^^^
  File "/home/conda/global/16102bfe-1731002172-4-pangeo/lib/python3.11/asyncio/base_events.py", line 654, in run_until_complete
    return future.result()
           ^^^^^^^^^^^^^^^
  File "/home/conda/global/16102bfe-1731002172-4-pangeo/lib/python3.11/site-packages/nbclient/client.py", line 709, in async_execute
    await self.async_execute_cell(
  File "/home/conda/global/16102bfe-1731002172-4-pangeo/lib/python3.11/site-packages/nbclient/client.py", line 1062, in async_execute_cell
    await self._check_raise_for_error(cell, cell_index, exec_reply)
  File "/home/conda/global/16102bfe-1731002172-4-pangeo/lib/python3.11/site-packages/nbclient/client.py", line 918, in _check_raise_for_error
    raise CellExecutionError.from_cell_and_msg(cell, exec_reply_content)
nbclient.exceptions.CellExecutionError: An error occurred while executing the following cell:
------------------
ds_subset_daily = ds_subset.resample(time="24H", loffset="12H").mean()
------------------


[0;31m---------------------------------------------------------------------------[0m
[0;31mValueError[0m                                Traceback (most recent call last)
Cell [0;32mIn[11], line 1[0m
[0;32m----> 1[0m ds_subset_daily [38;5;241m=[39m [43mds_subset[49m[38;5;241;43m.[39;49m[43mresample[49m[43m([49m[43mtime[49m[38;5;241;43m=[39;49m[38;5;124;43m"[39;49m[38;5;124;43m24H[39;49m[38;5;124;43m"[39;49m[43m,[49m[43m [49m[43mloffset[49m[38;5;241;43m=[39;49m[38;5;124;43m"[39;49m[38;5;124;43m12H[39;49m[38;5;124;43m"[39;49m[43m)[49m[38;5;241m.[39mmean()

File [0;32m/home/conda/global/16102bfe-1731002172-4-pangeo/lib/python3.11/site-packages/xarray/util/deprecation_helpers.py:118[0m, in [0;36m_deprecate_positional_args.<locals>._decorator.<locals>.inner[0;34m(*args, **kwargs)[0m
[1;32m    114[0m     kwargs[38;5;241m.[39mupdate({name: arg [38;5;28;01mfor[39;00m name, arg [38;5;129;01min[39;00m zip_args})
[1;32m    116[0m     [38;5;28;01mreturn[39;00m func([38;5;241m*[39margs[:[38;5;241m-[39mn_extra_args], [38;5;241m*[39m[38;5;241m*[39mkwargs)
[0;32m--> 118[0m [38;5;28;01mreturn[39;00m [43mfunc[49m[43m([49m[38;5;241;43m*[39;49m[43margs[49m[43m,[49m[43m [49m[38;5;241;43m*[39;49m[38;5;241;43m*[39;49m[43mkwargs[49m[43m)[49m

File [0;32m/home/conda/global/16102bfe-1731002172-4-pangeo/lib/python3.11/site-packages/xarray/core/dataset.py:10827[0m, in [0;36mDataset.resample[0;34m(self, indexer, skipna, closed, label, offset, origin, restore_coord_dims, **indexer_kwargs)[0m
[1;32m  10771[0m [38;5;250m[39m[38;5;124;03m"""Returns a Resample object for performing resampling operations.[39;00m
[1;32m  10772[0m 
[1;32m  10773[0m [38;5;124;03mHandles both downsampling and upsampling. The resampled[39;00m
[0;32m   (...)[0m
[1;32m  10823[0m [38;5;124;03m.. [1] http://pandas.pydata.org/pandas-docs/stable/timeseries.html#offset-aliases[39;00m
[1;32m  10824[0m [38;5;124;03m"""[39;00m
[1;32m  10825[0m [38;5;28;01mfrom[39;00m [38;5;21;01mxarray[39;00m[38;5;21;01m.[39;00m[38;5;21;01mcore[39;00m[38;5;21;01m.[39;00m[38;5;21;01mresample[39;00m [38;5;28;01mimport[39;00m DatasetResample
[0;32m> 10827[0m [38;5;28;01mreturn[39;00m [38;5;28;43mself[39;49m[38;5;241;43m.[39;49m[43m_resample[49m[43m([49m
[1;32m  10828[0m [43m    [49m[43mresample_cls[49m[38;5;241;43m=[39;49m[43mDatasetResample[49m[43m,[49m
[1;32m  10829[0m [43m    [49m[43mindexer[49m[38;5;241;43m=[39;49m[43mindexer[49m[43m,[49m
[1;32m  10830[0m [43m    [49m[43mskipna[49m[38;5;241;43m=[39;49m[43mskipna[49m[43m,[49m
[1;32m  10831[0m [43m    [49m[43mclosed[49m[38;5;241;43m=[39;49m[43mclosed[49m[43m,[49m
[1;32m  10832[0m [43m    [49m[43mlabel[49m[38;5;241;43m=[39;49m[43mlabel[49m[43m,[49m
[1;32m  10833[0m [43m    [49m[43moffset[49m[38;5;241;43m=[39;49m[43moffset[49m[43m,[49m
[1;32m  10834[0m [43m    [49m[43morigin[49m[38;5;241;43m=[39;49m[43morigin[49m[43m,[49m
[1;32m  10835[0m [43m    [49m[43mrestore_coord_dims[49m[38;5;241;43m=[39;49m[43mrestore_coord_dims[49m[43m,[49m
[1;32m  10836[0m [43m    [49m[38;5;241;43m*[39;49m[38;5;241;43m*[39;49m[43mindexer_kwargs[49m[43m,[49m
[1;32m  10837[0m [43m[49m[43m)[49m

File [0;32m/home/conda/global/16102bfe-1731002172-4-pangeo/lib/python3.11/site-packages/xarray/core/common.py:1073[0m, in [0;36mDataWithCoords._resample[0;34m(self, resample_cls, indexer, skipna, closed, label, offset, origin, restore_coord_dims, **indexer_kwargs)[0m
[1;32m   1071[0m indexer [38;5;241m=[39m either_dict_or_kwargs(indexer, indexer_kwargs, [38;5;124m"[39m[38;5;124mresample[39m[38;5;124m"[39m)
[1;32m   1072[0m [38;5;28;01mif[39;00m [38;5;28mlen[39m(indexer) [38;5;241m!=[39m [38;5;241m1[39m:
[0;32m-> 1073[0m     [38;5;28;01mraise[39;00m [38;5;167;01mValueError[39;00m([38;5;124m"[39m[38;5;124mResampling only supported along single dimensions.[39m[38;5;124m"[39m)
[1;32m   1074[0m dim, freq [38;5;241m=[39m [38;5;28mnext[39m([38;5;28miter[39m(indexer[38;5;241m.[39mitems()))
[1;32m   1076[0m dim_name: Hashable [38;5;241m=[39m dim

[0;31mValueError[0m: Resampling only supported along single dimensions.

