Traceback (most recent call last):
  File "/home/conda/global/774f2bb1-1715626348-8-pangeo/lib/python3.11/site-packages/jupyter_cache/executors/utils.py", line 58, in single_nb_execution
    executenb(
  File "/home/conda/global/774f2bb1-1715626348-8-pangeo/lib/python3.11/site-packages/nbclient/client.py", line 1314, in execute
    return NotebookClient(nb=nb, resources=resources, km=km, **kwargs).execute()
           ^^^^^^^^^^^^^^^^^^^^^^^^^^^^^^^^^^^^^^^^^^^^^^^^^^^^^^^^^^^^^^^^^^^^^
  File "/home/conda/global/774f2bb1-1715626348-8-pangeo/lib/python3.11/site-packages/jupyter_core/utils/__init__.py", line 165, in wrapped
    return loop.run_until_complete(inner)
           ^^^^^^^^^^^^^^^^^^^^^^^^^^^^^^
  File "/home/conda/global/774f2bb1-1715626348-8-pangeo/lib/python3.11/asyncio/base_events.py", line 653, in run_until_complete
    return future.result()
           ^^^^^^^^^^^^^^^
  File "/home/conda/global/774f2bb1-1715626348-8-pangeo/lib/python3.11/site-packages/nbclient/client.py", line 709, in async_execute
    await self.async_execute_cell(
  File "/home/conda/global/774f2bb1-1715626348-8-pangeo/lib/python3.11/site-packages/nbclient/client.py", line 1062, in async_execute_cell
    await self._check_raise_for_error(cell, cell_index, exec_reply)
  File "/home/conda/global/774f2bb1-1715626348-8-pangeo/lib/python3.11/site-packages/nbclient/client.py", line 918, in _check_raise_for_error
    raise CellExecutionError.from_cell_and_msg(cell, exec_reply_content)
nbclient.exceptions.CellExecutionError: An error occurred while executing the following cell:
------------------
# pull out a particulat time slice at the specified coordinates
%%time
da = ds.PREC_ACC_NC.sel(x=x, y=y, method='nearest').sel(time=slice('2013-01-01 00:00','2013-12-31 00:00')).load()
------------------


[0;31m---------------------------------------------------------------------------[0m
[0;31mUsageError[0m                                Traceback (most recent call last)
Cell [0;32mIn[13], line 2[0m
[1;32m      1[0m [38;5;66;03m# pull out a particulat time slice at the specified coordinates[39;00m
[0;32m----> 2[0m [43mget_ipython[49m[43m([49m[43m)[49m[38;5;241;43m.[39;49m[43mrun_line_magic[49m[43m([49m[38;5;124;43m'[39;49m[38;5;124;43m%[39;49m[38;5;124;43mtime[39;49m[38;5;124;43m'[39;49m[43m,[49m[43m [49m[38;5;124;43m'[39;49m[38;5;124;43m'[39;49m[43m)[49m
[1;32m      3[0m da [38;5;241m=[39m ds[38;5;241m.[39mPREC_ACC_NC[38;5;241m.[39msel(x[38;5;241m=[39mx, y[38;5;241m=[39my, method[38;5;241m=[39m[38;5;124m'[39m[38;5;124mnearest[39m[38;5;124m'[39m)[38;5;241m.[39msel(time[38;5;241m=[39m[38;5;28mslice[39m([38;5;124m'[39m[38;5;124m2013-01-01 00:00[39m[38;5;124m'[39m,[38;5;124m'[39m[38;5;124m2013-12-31 00:00[39m[38;5;124m'[39m))[38;5;241m.[39mload()

File [0;32m/home/conda/global/774f2bb1-1715626348-8-pangeo/lib/python3.11/site-packages/IPython/core/interactiveshell.py:2434[0m, in [0;36mInteractiveShell.run_line_magic[0;34m(self, magic_name, line, _stack_depth)[0m
[1;32m   2431[0m     etpl [38;5;241m=[39m [38;5;124m"[39m[38;5;124mLine magic function `[39m[38;5;132;01m%%[39;00m[38;5;132;01m%s[39;00m[38;5;124m` not found[39m[38;5;132;01m%s[39;00m[38;5;124m.[39m[38;5;124m"[39m
[1;32m   2432[0m     extra [38;5;241m=[39m [38;5;124m'[39m[38;5;124m'[39m [38;5;28;01mif[39;00m cm [38;5;129;01mis[39;00m [38;5;28;01mNone[39;00m [38;5;28;01melse[39;00m ([38;5;124m'[39m[38;5;124m (But cell magic `[39m[38;5;132;01m%%[39;00m[38;5;132;01m%%[39;00m[38;5;132;01m%s[39;00m[38;5;124m` exists, [39m[38;5;124m'[39m
[1;32m   2433[0m                             [38;5;124m'[39m[38;5;124mdid you mean that instead?)[39m[38;5;124m'[39m [38;5;241m%[39m magic_name )
[0;32m-> 2434[0m     [38;5;28;01mraise[39;00m UsageError(etpl [38;5;241m%[39m (magic_name, extra))
[1;32m   2435[0m [38;5;28;01melse[39;00m:
[1;32m   2436[0m     [38;5;66;03m# Note: this is the distance in the stack to the user's frame.[39;00m
[1;32m   2437[0m     [38;5;66;03m# This will need to be updated if the internal calling logic gets[39;00m
[1;32m   2438[0m     [38;5;66;03m# refactored, or else we'll be expanding the wrong variables.[39;00m
[1;32m   2439[0m 
[1;32m   2440[0m     [38;5;66;03m# Determine stack_depth depending on where run_line_magic() has been called[39;00m
[1;32m   2441[0m     stack_depth [38;5;241m=[39m _stack_depth

[0;31mUsageError[0m: Line magic function `%%time` not found.

