Traceback (most recent call last):
  File "/home/conda/hytest/2ac7776a-1750690172-155-pangeo/lib/python3.12/site-packages/jupyter_core/utils/__init__.py", line 154, in wrapped
    asyncio.get_running_loop()
RuntimeError: no running event loop

During handling of the above exception, another exception occurred:

Traceback (most recent call last):
  File "/home/conda/hytest/2ac7776a-1750690172-155-pangeo/lib/python3.12/site-packages/jupyter_cache/executors/utils.py", line 58, in single_nb_execution
    executenb(
  File "/home/conda/hytest/2ac7776a-1750690172-155-pangeo/lib/python3.12/site-packages/nbclient/client.py", line 1319, in execute
    return NotebookClient(nb=nb, resources=resources, km=km, **kwargs).execute()
           ^^^^^^^^^^^^^^^^^^^^^^^^^^^^^^^^^^^^^^^^^^^^^^^^^^^^^^^^^^^^^^^^^^^^^
  File "/home/conda/hytest/2ac7776a-1750690172-155-pangeo/lib/python3.12/site-packages/jupyter_core/utils/__init__.py", line 158, in wrapped
    return loop.run_until_complete(inner)
           ^^^^^^^^^^^^^^^^^^^^^^^^^^^^^^
  File "/home/conda/hytest/2ac7776a-1750690172-155-pangeo/lib/python3.12/asyncio/base_events.py", line 691, in run_until_complete
    return future.result()
           ^^^^^^^^^^^^^^^
  File "/home/conda/hytest/2ac7776a-1750690172-155-pangeo/lib/python3.12/site-packages/nbclient/client.py", line 709, in async_execute
    await self.async_execute_cell(
  File "/home/conda/hytest/2ac7776a-1750690172-155-pangeo/lib/python3.12/site-packages/nbclient/client.py", line 1062, in async_execute_cell
    await self._check_raise_for_error(cell, cell_index, exec_reply)
  File "/home/conda/hytest/2ac7776a-1750690172-155-pangeo/lib/python3.12/site-packages/nbclient/client.py", line 918, in _check_raise_for_error
    raise CellExecutionError.from_cell_and_msg(cell, exec_reply_content)
nbclient.exceptions.CellExecutionError: An error occurred while executing the following cell:
------------------
with dask.diagnostics.ProgressBar():
    r = result.execute(retries=10)  

# Also consolidate the metadata for fast reading into xarray
_ = zarr.consolidate_metadata(target_store)
------------------


[31m---------------------------------------------------------------------------[39m
[31mFutureCancelledError[39m                      Traceback (most recent call last)
[36mCell[39m[36m [39m[32mIn[11][39m[32m, line 2[39m
[32m      1[39m [38;5;28;01mwith[39;00m dask.diagnostics.ProgressBar():
[32m----> [39m[32m2[39m     r = [43mresult[49m[43m.[49m[43mexecute[49m[43m([49m[43mretries[49m[43m=[49m[32;43m10[39;49m[43m)[49m  
[32m      4[39m [38;5;66;03m# Also consolidate the metadata for fast reading into xarray[39;00m
[32m      5[39m _ = zarr.consolidate_metadata(target_store)

[36mFile [39m[32m/home/conda/hytest/2ac7776a-1750690172-155-pangeo/lib/python3.12/site-packages/rechunker/api.py:71[39m, in [36mRechunked.execute[39m[34m(self, **kwargs)[39m
[32m     56[39m [38;5;28;01mdef[39;00m[38;5;250m [39m[34mexecute[39m([38;5;28mself[39m, **kwargs):
[32m     57[39m [38;5;250m    [39m[33;03m"""[39;00m
[32m     58[39m [33;03m    Execute the rechunking.[39;00m
[32m     59[39m 
[32m   (...)[39m[32m     69[39m [33;03m    :func:`rechunker.rechunk`.[39;00m
[32m     70[39m [33;03m    """[39;00m
[32m---> [39m[32m71[39m     [38;5;28;43mself[39;49m[43m.[49m[43m_executor[49m[43m.[49m[43mexecute_plan[49m[43m([49m[38;5;28;43mself[39;49m[43m.[49m[43m_plan[49m[43m,[49m[43m [49m[43m*[49m[43m*[49m[43mkwargs[49m[43m)[49m
[32m     72[39m     [38;5;28;01mreturn[39;00m [38;5;28mself[39m._target

[36mFile [39m[32m/home/conda/hytest/2ac7776a-1750690172-155-pangeo/lib/python3.12/site-packages/rechunker/executors/dask.py:59[39m, in [36mDaskPipelineExecutor.execute_plan[39m[34m(self, plan, **kwargs)[39m
[32m     58[39m [38;5;28;01mdef[39;00m[38;5;250m [39m[34mexecute_plan[39m([38;5;28mself[39m, plan: Delayed, **kwargs):
[32m---> [39m[32m59[39m     [38;5;28;01mreturn[39;00m [43mdask[49m[43m.[49m[43mcompute[49m[43m([49m[43m*[49m[43mplan[49m[43m,[49m[43m [49m[43m*[49m[43m*[49m[43mkwargs[49m[43m)[49m

[36mFile [39m[32m/home/conda/hytest/2ac7776a-1750690172-155-pangeo/lib/python3.12/site-packages/dask/base.py:660[39m, in [36mcompute[39m[34m(traverse, optimize_graph, scheduler, get, *args, **kwargs)[39m
[32m    657[39m     postcomputes.append(x.__dask_postcompute__())
[32m    659[39m [38;5;28;01mwith[39;00m shorten_traceback():
[32m--> [39m[32m660[39m     results = [43mschedule[49m[43m([49m[43mdsk[49m[43m,[49m[43m [49m[43mkeys[49m[43m,[49m[43m [49m[43m*[49m[43m*[49m[43mkwargs[49m[43m)[49m
[32m    662[39m [38;5;28;01mreturn[39;00m repack([f(r, *a) [38;5;28;01mfor[39;00m r, (f, a) [38;5;129;01min[39;00m [38;5;28mzip[39m(results, postcomputes)])

[36mFile [39m[32m/home/conda/hytest/2ac7776a-1750690172-155-pangeo/lib/python3.12/site-packages/distributed/client.py:2427[39m, in [36mClient._gather[39m[34m(self, futures, errors, direct, local_worker)[39m
[32m   2425[39m     exception = st.exception
[32m   2426[39m     traceback = st.traceback
[32m-> [39m[32m2427[39m     [38;5;28;01mraise[39;00m exception.with_traceback(traceback)
[32m   2428[39m [38;5;28;01mif[39;00m errors == [33m"[39m[33mskip[39m[33m"[39m:
[32m   2429[39m     bad_keys.add(key)

[31mFutureCancelledError[39m: copy_intermediate_to_write-checkpoint-f31652a372de6bd93468ae4d4fed4f4c cancelled for reason: scheduler-connection-lost.
Client lost the connection to the scheduler. Please check your connection and re-run your work.

